[1116/135307.289:ERROR:filesystem_win.cc(128)] GetFileAttributes C:\Users\LENOVO\AppData\Local\Google\Chrome\User Data\Crashpad\attachments\25b821b6-fac4-409f-8a08-ca8edf333b8e: The system cannot find the file specified. (0x2)
[1116/135307.289:ERROR:filesystem_win.cc(128)] GetFileAttributes C:\Users\LENOVO\AppData\Local\Google\Chrome\User Data\Crashpad\attachments\ff6067e7-65e8-464f-b127-cf759fbd702e: The system cannot find the file specified. (0x2)
[1116/135307.290:ERROR:filesystem_win.cc(128)] GetFileAttributes C:\Users\LENOVO\AppData\Local\Google\Chrome\User Data\Crashpad\attachments\805d5b8b-935d-4dd2-9723-46d822834358: The system cannot find the file specified. (0x2)
[1116/135307.290:ERROR:filesystem_win.cc(128)] GetFileAttributes C:\Users\LENOVO\AppData\Local\Google\Chrome\User Data\Crashpad\attachments\3a1caf4e-89e6-457d-b476-bd40bbb389a1: The system cannot find the file specified. (0x2)
[1116/135307.290:ERROR:filesystem_win.cc(128)] GetFileAttributes C:\Users\LENOVO\AppData\Local\Google\Chrome\User Data\Crashpad\attachments\15cd7d26-3550-4af4-8432-9a8eaf1e13f0: The system cannot find the file specified. (0x2)
[1116/135307.291:ERROR:filesystem_win.cc(128)] GetFileAttributes C:\Users\LENOVO\AppData\Local\Google\Chrome\User Data\Crashpad\attachments\35f79c95-e63d-405a-b2e9-3e25f71f775b: The system cannot find the file specified. (0x2)
[1116/135307.291:ERROR:filesystem_win.cc(128)] GetFileAttributes C:\Users\LENOVO\AppData\Local\Google\Chrome\User Data\Crashpad\attachments\f30491e7-4bfe-4434-8b65-f3ed0eea480f: The system cannot find the file specified. (0x2)
[1116/135307.291:ERROR:filesystem_win.cc(128)] GetFileAttributes C:\Users\LENOVO\AppData\Local\Google\Chrome\User Data\Crashpad\attachments\8df95111-21eb-4f27-a809-efa034906c7e: The system cannot find the file specified. (0x2)
[1116/135307.291:ERROR:filesystem_win.cc(128)] GetFileAttributes C:\Users\LENOVO\AppData\Local\Google\Chrome\User Data\Crashpad\attachments\5979a87e-054d-4136-a529-b978e74f4e4c: The system cannot find the file specified. (0x2)
[1116/135307.291:ERROR:filesystem_win.cc(128)] GetFileAttributes C:\Users\LENOVO\AppData\Local\Google\Chrome\User Data\Crashpad\attachments\d7c5ec10-eea8-4eaa-8f2d-c1659481ada9: The system cannot find the file specified. (0x2)
[1116/135307.291:ERROR:filesystem_win.cc(128)] GetFileAttributes C:\Users\LENOVO\AppData\Local\Google\Chrome\User Data\Crashpad\attachments\a024c8ce-6ad4-4425-8c54-320d745e994a: The system cannot find the file specified. (0x2)
[1116/135307.291:ERROR:filesystem_win.cc(128)] GetFileAttributes C:\Users\LENOVO\AppData\Local\Google\Chrome\User Data\Crashpad\attachments\1ce6f98b-83c9-426c-ac93-058a70670ba4: The system cannot find the file specified. (0x2)
[1116/135307.291:ERROR:filesystem_win.cc(128)] GetFileAttributes C:\Users\LENOVO\AppData\Local\Google\Chrome\User Data\Crashpad\attachments\a89e6e7d-7a93-4e7a-b23f-95e2e21fd1dc: The system cannot find the file specified. (0x2)
[1116/135307.292:ERROR:filesystem_win.cc(128)] GetFileAttributes C:\Users\LENOVO\AppData\Local\Google\Chrome\User Data\Crashpad\attachments\fb1e84a8-fe95-4e79-8c58-3a8dbf85eae7: The system cannot find the file specified. (0x2)
[1116/135307.292:ERROR:filesystem_win.cc(128)] GetFileAttributes C:\Users\LENOVO\AppData\Local\Google\Chrome\User Data\Crashpad\attachments\ca78420e-bf42-4793-b3e3-5d6f5e20cba4: The system cannot find the file specified. (0x2)
[1116/135307.292:ERROR:filesystem_win.cc(128)] GetFileAttributes C:\Users\LENOVO\AppData\Local\Google\Chrome\User Data\Crashpad\attachments\ed893299-819d-4cfa-bc1b-191fbb5d79ef: The system cannot find the file specified. (0x2)
[1116/135307.292:ERROR:filesystem_win.cc(128)] GetFileAttributes C:\Users\LENOVO\AppData\Local\Google\Chrome\User Data\Crashpad\attachments\4d76acba-2eb7-4e9e-8d0e-7d12857be6b0: The system cannot find the file specified. (0x2)
[1116/135307.292:ERROR:filesystem_win.cc(128)] GetFileAttributes C:\Users\LENOVO\AppData\Local\Google\Chrome\User Data\Crashpad\attachments\79b41331-b83a-4147-b698-38d93c265ee2: The system cannot find the file specified. (0x2)
[1116/135307.307:ERROR:filesystem_win.cc(128)] GetFileAttributes C:\Users\LENOVO\AppData\Local\Google\Chrome\User Data\Crashpad\attachments\4392086f-064a-4ff9-b9d6-1cdf05111e2c: The system cannot find the file specified. (0x2)
[1116/135307.307:ERROR:filesystem_win.cc(128)] GetFileAttributes C:\Users\LENOVO\AppData\Local\Google\Chrome\User Data\Crashpad\attachments\b6c00d3e-d7c4-49a3-a141-242355b15836: The system cannot find the file specified. (0x2)
[1116/135307.307:ERROR:filesystem_win.cc(128)] GetFileAttributes C:\Users\LENOVO\AppData\Local\Google\Chrome\User Data\Crashpad\attachments\7d280cf7-f904-4491-8a46-6eb8df2201aa: The system cannot find the file specified. (0x2)
[1116/135307.307:ERROR:filesystem_win.cc(128)] GetFileAttributes C:\Users\LENOVO\AppData\Local\Google\Chrome\User Data\Crashpad\attachments\2e8467e8-b7b7-4fae-87a3-2600c1f7e29b: The system cannot find the file specified. (0x2)
[1116/135307.307:ERROR:filesystem_win.cc(128)] GetFileAttributes C:\Users\LENOVO\AppData\Local\Google\Chrome\User Data\Crashpad\attachments\447f08e3-a580-4caa-8f9d-bb834fd48940: The system cannot find the file specified. (0x2)
[1116/135307.307:ERROR:filesystem_win.cc(128)] GetFileAttributes C:\Users\LENOVO\AppData\Local\Google\Chrome\User Data\Crashpad\attachments\7ea7b5d7-d2e5-438b-823c-b56de54f03eb: The system cannot find the file specified. (0x2)
[1116/135307.308:ERROR:filesystem_win.cc(128)] GetFileAttributes C:\Users\LENOVO\AppData\Local\Google\Chrome\User Data\Crashpad\attachments\4461e2f5-d795-4bea-befd-33267b7c69a8: The system cannot find the file specified. (0x2)
[1116/135307.308:ERROR:filesystem_win.cc(128)] GetFileAttributes C:\Users\LENOVO\AppData\Local\Google\Chrome\User Data\Crashpad\attachments\5a8902d3-8742-4b4d-917a-633b1179ad3d: The system cannot find the file specified. (0x2)
[1116/135307.308:ERROR:filesystem_win.cc(128)] GetFileAttributes C:\Users\LENOVO\AppData\Local\Google\Chrome\User Data\Crashpad\attachments\6222e72a-8e66-41d4-892d-d8bf1cafbc03: The system cannot find the file specified. (0x2)
[1116/135307.308:ERROR:filesystem_win.cc(128)] GetFileAttributes C:\Users\LENOVO\AppData\Local\Google\Chrome\User Data\Crashpad\attachments\9ba711b1-dbba-4013-b469-e138168362a0: The system cannot find the file specified. (0x2)
[1116/135307.308:ERROR:filesystem_win.cc(128)] GetFileAttributes C:\Users\LENOVO\AppData\Local\Google\Chrome\User Data\Crashpad\attachments\ab4cb125-1b24-413a-a1b8-cfd8d1fc98e3: The system cannot find the file specified. (0x2)
[1116/135307.308:ERROR:filesystem_win.cc(128)] GetFileAttributes C:\Users\LENOVO\AppData\Local\Google\Chrome\User Data\Crashpad\attachments\5f3fc0bb-8431-45e7-8c82-7d57cac17770: The system cannot find the file specified. (0x2)
[1116/135307.308:ERROR:filesystem_win.cc(128)] GetFileAttributes C:\Users\LENOVO\AppData\Local\Google\Chrome\User Data\Crashpad\attachments\5d523648-0490-4a1f-9756-dfccfb182b87: The system cannot find the file specified. (0x2)
[1116/135307.309:ERROR:filesystem_win.cc(128)] GetFileAttributes C:\Users\LENOVO\AppData\Local\Google\Chrome\User Data\Crashpad\attachments\b8f1e827-4a5c-470b-828e-983be56eed60: The system cannot find the file specified. (0x2)
[1116/135307.309:ERROR:filesystem_win.cc(128)] GetFileAttributes C:\Users\LENOVO\AppData\Local\Google\Chrome\User Data\Crashpad\attachments\5892e798-2fca-413e-aebd-89802a03717c: The system cannot find the file specified. (0x2)
[1116/135307.309:ERROR:filesystem_win.cc(128)] GetFileAttributes C:\Users\LENOVO\AppData\Local\Google\Chrome\User Data\Crashpad\attachments\9d2e0019-4988-41e2-a0b9-fb7b6a04a4a8: The system cannot find the file specified. (0x2)
[1116/135307.309:ERROR:filesystem_win.cc(128)] GetFileAttributes C:\Users\LENOVO\AppData\Local\Google\Chrome\User Data\Crashpad\attachments\0dc0a128-0fcb-419c-a479-2f4f664e4bb0: The system cannot find the file specified. (0x2)
[1116/135307.309:ERROR:filesystem_win.cc(128)] GetFileAttributes C:\Users\LENOVO\AppData\Local\Google\Chrome\User Data\Crashpad\attachments\6866c7fe-1572-42b3-9183-5a46444337af: The system cannot find the file specified. (0x2)
[1116/135307.309:ERROR:filesystem_win.cc(128)] GetFileAttributes C:\Users\LENOVO\AppData\Local\Google\Chrome\User Data\Crashpad\attachments\9d7820c3-b732-4a22-85fd-4cb970744d1a: The system cannot find the file specified. (0x2)
[1116/135307.309:ERROR:filesystem_win.cc(128)] GetFileAttributes C:\Users\LENOVO\AppData\Local\Google\Chrome\User Data\Crashpad\attachments\b84054a4-0f83-4984-8e22-67456a0352d6: The system cannot find the file specified. (0x2)
[1116/135307.310:ERROR:filesystem_win.cc(128)] GetFileAttributes C:\Users\LENOVO\AppData\Local\Google\Chrome\User Data\Crashpad\attachments\4a2ecad7-b0b4-42de-9519-558851be1542: The system cannot find the file specified. (0x2)
[1116/135307.310:ERROR:filesystem_win.cc(128)] GetFileAttributes C:\Users\LENOVO\AppData\Local\Google\Chrome\User Data\Crashpad\attachments\203c8aa5-d353-4879-b76d-d5487409d8eb: The system cannot find the file specified. (0x2)
[1116/135307.310:ERROR:filesystem_win.cc(128)] GetFileAttributes C:\Users\LENOVO\AppData\Local\Google\Chrome\User Data\Crashpad\attachments\0400d4a8-5ce0-4b2a-9fec-f430873dd038: The system cannot find the file specified. (0x2)
[1116/135307.310:ERROR:filesystem_win.cc(128)] GetFileAttributes C:\Users\LENOVO\AppData\Local\Google\Chrome\User Data\Crashpad\attachments\33925d65-624e-46af-b87b-8954b0d1eebe: The system cannot find the file specified. (0x2)
[1116/135307.310:ERROR:filesystem_win.cc(128)] GetFileAttributes C:\Users\LENOVO\AppData\Local\Google\Chrome\User Data\Crashpad\attachments\db3362a1-d80c-4902-8522-ad4cf41e9f9c: The system cannot find the file specified. (0x2)
[1116/135307.311:ERROR:filesystem_win.cc(128)] GetFileAttributes C:\Users\LENOVO\AppData\Local\Google\Chrome\User Data\Crashpad\attachments\9b530e47-c3ad-40d4-90e7-c84bb4b40787: The system cannot find the file specified. (0x2)
[1116/135307.311:ERROR:filesystem_win.cc(128)] GetFileAttributes C:\Users\LENOVO\AppData\Local\Google\Chrome\User Data\Crashpad\attachments\9776382a-7303-43dc-ac8a-b023ec59f20d: The system cannot find the file specified. (0x2)
[1116/135307.311:ERROR:filesystem_win.cc(128)] GetFileAttributes C:\Users\LENOVO\AppData\Local\Google\Chrome\User Data\Crashpad\attachments\29c70d40-78ba-4fe9-80c7-7d9470493b12: The system cannot find the file specified. (0x2)
[1116/135307.311:ERROR:filesystem_win.cc(128)] GetFileAttributes C:\Users\LENOVO\AppData\Local\Google\Chrome\User Data\Crashpad\attachments\497a5273-1ccd-4e28-9010-98d8531421f9: The system cannot find the file specified. (0x2)
[1116/135307.311:ERROR:filesystem_win.cc(128)] GetFileAttributes C:\Users\LENOVO\AppData\Local\Google\Chrome\User Data\Crashpad\attachments\53874234-35c6-4e41-a340-02a718e434a2: The system cannot find the file specified. (0x2)
[1116/135307.311:ERROR:filesystem_win.cc(128)] GetFileAttributes C:\Users\LENOVO\AppData\Local\Google\Chrome\User Data\Crashpad\attachments\8ae6a95e-966b-419d-95c2-1f304366ee17: The system cannot find the file specified. (0x2)
[1116/135307.311:ERROR:filesystem_win.cc(128)] GetFileAttributes C:\Users\LENOVO\AppData\Local\Google\Chrome\User Data\Crashpad\attachments\ee04a4cc-7342-4305-8f38-d7135dfd5eec: The system cannot find the file specified. (0x2)
[1116/135307.312:ERROR:filesystem_win.cc(128)] GetFileAttributes C:\Users\LENOVO\AppData\Local\Google\Chrome\User Data\Crashpad\attachments\e0460a67-3c87-4a7e-bcfc-1674c2b45ae1: The system cannot find the file specified. (0x2)
[1116/135307.312:ERROR:filesystem_win.cc(128)] GetFileAttributes C:\Users\LENOVO\AppData\Local\Google\Chrome\User Data\Crashpad\attachments\601fb940-13c7-4331-8173-ced6cf1e66ee: The system cannot find the file specified. (0x2)
[1116/135307.312:ERROR:filesystem_win.cc(128)] GetFileAttributes C:\Users\LENOVO\AppData\Local\Google\Chrome\User Data\Crashpad\attachments\7133cdd8-b5e4-4815-b3ed-8cedd04662b6: The system cannot find the file specified. (0x2)
[1116/135307.312:ERROR:filesystem_win.cc(128)] GetFileAttributes C:\Users\LENOVO\AppData\Local\Google\Chrome\User Data\Crashpad\attachments\93bd7324-fdd3-436d-852b-03226a3a04b2: The system cannot find the file specified. (0x2)
[1116/135307.313:ERROR:filesystem_win.cc(128)] GetFileAttributes C:\Users\LENOVO\AppData\Local\Google\Chrome\User Data\Crashpad\attachments\9f42ddfc-c7af-417f-8961-b791e9ca2713: The system cannot find the file specified. (0x2)
[1116/135307.313:ERROR:filesystem_win.cc(128)] GetFileAttributes C:\Users\LENOVO\AppData\Local\Google\Chrome\User Data\Crashpad\attachments\0affd9a2-53f0-4f51-8d43-98f6c2054c2e: The system cannot find the file specified. (0x2)
[1116/135307.313:ERROR:filesystem_win.cc(128)] GetFileAttributes C:\Users\LENOVO\AppData\Local\Google\Chrome\User Data\Crashpad\attachments\f51e6fcf-ab10-4abc-902f-be9cb08c083b: The system cannot find the file specified. (0x2)
[1116/135307.313:ERROR:filesystem_win.cc(128)] GetFileAttributes C:\Users\LENOVO\AppData\Local\Google\Chrome\User Data\Crashpad\attachments\edf98404-e739-48b2-b0ad-241afba4f524: The system cannot find the file specified. (0x2)
[1116/135307.314:ERROR:filesystem_win.cc(128)] GetFileAttributes C:\Users\LENOVO\AppData\Local\Google\Chrome\User Data\Crashpad\attachments\92085667-0e94-4a03-af90-7ab95ef5b6be: The system cannot find the file specified. (0x2)
[1116/135307.314:ERROR:filesystem_win.cc(128)] GetFileAttributes C:\Users\LENOVO\AppData\Local\Google\Chrome\User Data\Crashpad\attachments\049c94fb-4a1f-4841-b010-01e8d38720f3: The system cannot find the file specified. (0x2)
[1116/135307.314:ERROR:filesystem_win.cc(128)] GetFileAttributes C:\Users\LENOVO\AppData\Local\Google\Chrome\User Data\Crashpad\attachments\5ae28612-078e-47b4-8e61-51cbf42cc82a: The system cannot find the file specified. (0x2)
[1116/135307.314:ERROR:filesystem_win.cc(128)] GetFileAttributes C:\Users\LENOVO\AppData\Local\Google\Chrome\User Data\Crashpad\attachments\aa646944-1ec3-4707-8176-eb0f94b5f10d: The system cannot find the file specified. (0x2)
[1116/135307.314:ERROR:filesystem_win.cc(128)] GetFileAttributes C:\Users\LENOVO\AppData\Local\Google\Chrome\User Data\Crashpad\attachments\16c4c4fb-ed80-4b0b-9617-d245467ef09b: The system cannot find the file specified. (0x2)
[1116/135307.314:ERROR:filesystem_win.cc(128)] GetFileAttributes C:\Users\LENOVO\AppData\Local\Google\Chrome\User Data\Crashpad\attachments\beb2e6b7-7b9f-4a26-9c7e-ce05d1f4ee17: The system cannot find the file specified. (0x2)
[1116/135307.314:ERROR:filesystem_win.cc(128)] GetFileAttributes C:\Users\LENOVO\AppData\Local\Google\Chrome\User Data\Crashpad\attachments\4417c841-9aef-4c80-9872-527f5f2e5db3: The system cannot find the file specified. (0x2)
[1116/135307.315:ERROR:filesystem_win.cc(128)] GetFileAttributes C:\Users\LENOVO\AppData\Local\Google\Chrome\User Data\Crashpad\attachments\c7041d36-12b1-43a5-91d6-a0da4540b390: The system cannot find the file specified. (0x2)
[1116/135307.315:ERROR:filesystem_win.cc(128)] GetFileAttributes C:\Users\LENOVO\AppData\Local\Google\Chrome\User Data\Crashpad\attachments\c23a236a-9dcf-4d7d-a086-0c8719de7497: The system cannot find the file specified. (0x2)
[1116/135307.315:ERROR:filesystem_win.cc(128)] GetFileAttributes C:\Users\LENOVO\AppData\Local\Google\Chrome\User Data\Crashpad\attachments\83a64af4-4094-4af5-872d-b24085c00fd1: The system cannot find the file specified. (0x2)
[1116/135307.315:ERROR:filesystem_win.cc(128)] GetFileAttributes C:\Users\LENOVO\AppData\Local\Google\Chrome\User Data\Crashpad\attachments\fe209b4b-e113-4202-bd33-a70585629598: The system cannot find the file specified. (0x2)
[1116/135307.315:ERROR:filesystem_win.cc(128)] GetFileAttributes C:\Users\LENOVO\AppData\Local\Google\Chrome\User Data\Crashpad\attachments\18511e7d-b7e5-4b2b-a7c1-ab203fd68c2e: The system cannot find the file specified. (0x2)
[1116/135307.315:ERROR:filesystem_win.cc(128)] GetFileAttributes C:\Users\LENOVO\AppData\Local\Google\Chrome\User Data\Crashpad\attachments\34f8becf-17e6-43a0-98a9-9aa1080dd1f7: The system cannot find the file specified. (0x2)
[1116/135307.315:ERROR:filesystem_win.cc(128)] GetFileAttributes C:\Users\LENOVO\AppData\Local\Google\Chrome\User Data\Crashpad\attachments\854caa78-9542-408d-84fb-ce12179e6f71: The system cannot find the file specified. (0x2)
[1116/135307.315:ERROR:filesystem_win.cc(128)] GetFileAttributes C:\Users\LENOVO\AppData\Local\Google\Chrome\User Data\Crashpad\attachments\d00773d5-aeec-4f4b-922a-faba22a6be6e: The system cannot find the file specified. (0x2)
[1116/135307.316:ERROR:filesystem_win.cc(128)] GetFileAttributes C:\Users\LENOVO\AppData\Local\Google\Chrome\User Data\Crashpad\attachments\ccc22f72-e44e-41df-88d7-6639a061168e: The system cannot find the file specified. (0x2)
[1116/135307.316:ERROR:filesystem_win.cc(128)] GetFileAttributes C:\Users\LENOVO\AppData\Local\Google\Chrome\User Data\Crashpad\attachments\fb775a25-a40e-421a-9109-d950e632ec96: The system cannot find the file specified. (0x2)
[1116/135307.316:ERROR:filesystem_win.cc(128)] GetFileAttributes C:\Users\LENOVO\AppData\Local\Google\Chrome\User Data\Crashpad\attachments\e2c88e77-2a99-4234-9c1b-1eb0ff646338: The system cannot find the file specified. (0x2)
[1116/135307.316:ERROR:filesystem_win.cc(128)] GetFileAttributes C:\Users\LENOVO\AppData\Local\Google\Chrome\User Data\Crashpad\attachments\e523f10b-f64f-439d-a9a3-b49bd51f03b7: The system cannot find the file specified. (0x2)
[1116/135307.316:ERROR:filesystem_win.cc(128)] GetFileAttributes C:\Users\LENOVO\AppData\Local\Google\Chrome\User Data\Crashpad\attachments\109b88a7-914d-4c27-9bad-d0e7ad1c04ff: The system cannot find the file specified. (0x2)
[1116/135307.316:ERROR:filesystem_win.cc(128)] GetFileAttributes C:\Users\LENOVO\AppData\Local\Google\Chrome\User Data\Crashpad\attachments\0073d855-a3e8-4861-9036-dce9124d2aa1: The system cannot find the file specified. (0x2)
[1116/135307.316:ERROR:filesystem_win.cc(128)] GetFileAttributes C:\Users\LENOVO\AppData\Local\Google\Chrome\User Data\Crashpad\attachments\b91d4778-43c0-4954-a068-b5b05d48effc: The system cannot find the file specified. (0x2)
[1116/135307.317:ERROR:filesystem_win.cc(128)] GetFileAttributes C:\Users\LENOVO\AppData\Local\Google\Chrome\User Data\Crashpad\attachments\bc2de54f-73da-4b56-8529-eb9f2a404399: The system cannot find the file specified. (0x2)
[1116/135307.317:ERROR:filesystem_win.cc(128)] GetFileAttributes C:\Users\LENOVO\AppData\Local\Google\Chrome\User Data\Crashpad\attachments\ef958643-b7e3-4df7-b35f-d53f18fa51d6: The system cannot find the file specified. (0x2)
[1116/135307.317:ERROR:filesystem_win.cc(128)] GetFileAttributes C:\Users\LENOVO\AppData\Local\Google\Chrome\User Data\Crashpad\attachments\44c58e03-14e6-4ee7-8829-d54269d0133f: The system cannot find the file specified. (0x2)
[1116/135307.317:ERROR:filesystem_win.cc(128)] GetFileAttributes C:\Users\LENOVO\AppData\Local\Google\Chrome\User Data\Crashpad\attachments\3ac6dd18-cfce-49c3-9899-ae1563656ec0: The system cannot find the file specified. (0x2)
[1116/135307.318:ERROR:filesystem_win.cc(128)] GetFileAttributes C:\Users\LENOVO\AppData\Local\Google\Chrome\User Data\Crashpad\attachments\a463e87d-b2c6-4dda-966b-ef63a6c28c78: The system cannot find the file specified. (0x2)
[1116/135307.318:ERROR:filesystem_win.cc(128)] GetFileAttributes C:\Users\LENOVO\AppData\Local\Google\Chrome\User Data\Crashpad\attachments\ddd418dd-586e-44b2-a7e8-2457fe3db3c3: The system cannot find the file specified. (0x2)
[1116/135307.318:ERROR:filesystem_win.cc(128)] GetFileAttributes C:\Users\LENOVO\AppData\Local\Google\Chrome\User Data\Crashpad\attachments\307843cc-8d05-41bf-9b9c-c5339b14a54d: The system cannot find the file specified. (0x2)
[1116/135307.318:ERROR:filesystem_win.cc(128)] GetFileAttributes C:\Users\LENOVO\AppData\Local\Google\Chrome\User Data\Crashpad\attachments\950884b4-c720-4c91-ad31-0bde566f6c56: The system cannot find the file specified. (0x2)
[1116/135307.318:ERROR:filesystem_win.cc(128)] GetFileAttributes C:\Users\LENOVO\AppData\Local\Google\Chrome\User Data\Crashpad\attachments\7237b11c-6533-47cd-ae44-01631340f7bc: The system cannot find the file specified. (0x2)
[1116/135307.318:ERROR:filesystem_win.cc(128)] GetFileAttributes C:\Users\LENOVO\AppData\Local\Google\Chrome\User Data\Crashpad\attachments\80909c39-dfbb-41e8-9587-ee0c74071c97: The system cannot find the file specified. (0x2)
[1116/135307.318:ERROR:filesystem_win.cc(128)] GetFileAttributes C:\Users\LENOVO\AppData\Local\Google\Chrome\User Data\Crashpad\attachments\fa44d472-bc44-4530-996d-e1ec9abf2a02: The system cannot find the file specified. (0x2)
[1116/135307.319:ERROR:filesystem_win.cc(128)] GetFileAttributes C:\Users\LENOVO\AppData\Local\Google\Chrome\User Data\Crashpad\attachments\2956f10f-eba8-4b22-aea4-a46195a1795e: The system cannot find the file specified. (0x2)
[1116/135307.319:ERROR:filesystem_win.cc(128)] GetFileAttributes C:\Users\LENOVO\AppData\Local\Google\Chrome\User Data\Crashpad\attachments\2fb3d958-8721-4537-a7d7-903992e6bd5c: The system cannot find the file specified. (0x2)
[1116/135307.319:ERROR:filesystem_win.cc(128)] GetFileAttributes C:\Users\LENOVO\AppData\Local\Google\Chrome\User Data\Crashpad\attachments\6d9e3502-9d4c-4b95-b112-15e36b00a3d2: The system cannot find the file specified. (0x2)
[1116/135307.319:ERROR:filesystem_win.cc(128)] GetFileAttributes C:\Users\LENOVO\AppData\Local\Google\Chrome\User Data\Crashpad\attachments\7e6bd6be-0b9d-4e25-b12f-1d3f92424d4e: The system cannot find the file specified. (0x2)
[1116/135307.319:ERROR:filesystem_win.cc(128)] GetFileAttributes C:\Users\LENOVO\AppData\Local\Google\Chrome\User Data\Crashpad\attachments\30cc9d27-0cb0-47c3-b8f2-01d38a1989bf: The system cannot find the file specified. (0x2)
[1116/135307.319:ERROR:filesystem_win.cc(128)] GetFileAttributes C:\Users\LENOVO\AppData\Local\Google\Chrome\User Data\Crashpad\attachments\98ba6ae5-8747-460e-8709-e8bde25eec48: The system cannot find the file specified. (0x2)
[1116/135307.320:ERROR:filesystem_win.cc(128)] GetFileAttributes C:\Users\LENOVO\AppData\Local\Google\Chrome\User Data\Crashpad\attachments\2e22f130-d7a3-48aa-8948-69b2afdd754e: The system cannot find the file specified. (0x2)
[1116/135307.320:ERROR:filesystem_win.cc(128)] GetFileAttributes C:\Users\LENOVO\AppData\Local\Google\Chrome\User Data\Crashpad\attachments\0910be14-1308-43d1-903c-133b1f63b1a9: The system cannot find the file specified. (0x2)
[1116/135307.320:ERROR:filesystem_win.cc(128)] GetFileAttributes C:\Users\LENOVO\AppData\Local\Google\Chrome\User Data\Crashpad\attachments\6d428bc3-aa35-43da-a253-93a7c4d1da16: The system cannot find the file specified. (0x2)
[1116/135307.320:ERROR:filesystem_win.cc(128)] GetFileAttributes C:\Users\LENOVO\AppData\Local\Google\Chrome\User Data\Crashpad\attachments\fdbb72c4-87b6-48ea-af6c-12fb32210668: The system cannot find the file specified. (0x2)
[1116/135307.320:ERROR:filesystem_win.cc(128)] GetFileAttributes C:\Users\LENOVO\AppData\Local\Google\Chrome\User Data\Crashpad\attachments\5f8b24b4-b5b5-403f-b786-ba8aa1f65760: The system cannot find the file specified. (0x2)
[1116/135307.320:ERROR:filesystem_win.cc(128)] GetFileAttributes C:\Users\LENOVO\AppData\Local\Google\Chrome\User Data\Crashpad\attachments\b32f2de1-7dba-4f57-aca6-5b8b58ea3f63: The system cannot find the file specified. (0x2)
[1116/135307.321:ERROR:filesystem_win.cc(128)] GetFileAttributes C:\Users\LENOVO\AppData\Local\Google\Chrome\User Data\Crashpad\attachments\a036c760-191d-4d5e-a076-777de735ffe5: The system cannot find the file specified. (0x2)
[1116/135307.321:ERROR:filesystem_win.cc(128)] GetFileAttributes C:\Users\LENOVO\AppData\Local\Google\Chrome\User Data\Crashpad\attachments\6a049a3d-3e1f-414c-b45a-c172abe023e6: The system cannot find the file specified. (0x2)
[1116/135307.321:ERROR:filesystem_win.cc(128)] GetFileAttributes C:\Users\LENOVO\AppData\Local\Google\Chrome\User Data\Crashpad\attachments\42bf84c5-9cfd-4478-9af7-d2ba2cace7d4: The system cannot find the file specified. (0x2)
[1116/135307.335:ERROR:filesystem_win.cc(128)] GetFileAttributes C:\Users\LENOVO\AppData\Local\Google\Chrome\User Data\Crashpad\attachments\a8a207c6-2c12-40de-b532-7dedd24cc962: The system cannot find the file specified. (0x2)
[1116/135307.335:ERROR:filesystem_win.cc(128)] GetFileAttributes C:\Users\LENOVO\AppData\Local\Google\Chrome\User Data\Crashpad\attachments\7ce27cda-0cfa-43bc-99ea-ff607a8f7a96: The system cannot find the file specified. (0x2)
[1116/135307.337:ERROR:filesystem_win.cc(128)] GetFileAttributes C:\Users\LENOVO\AppData\Local\Google\Chrome\User Data\Crashpad\attachments\5bd759af-53ac-403e-8498-691ed922a3e7: The system cannot find the file specified. (0x2)
[1116/135307.338:ERROR:filesystem_win.cc(128)] GetFileAttributes C:\Users\LENOVO\AppData\Local\Google\Chrome\User Data\Crashpad\attachments\63b7c400-01d3-4da5-aaa8-d1c9fce95b06: The system cannot find the file specified. (0x2)
[1116/135307.338:ERROR:filesystem_win.cc(128)] GetFileAttributes C:\Users\LENOVO\AppData\Local\Google\Chrome\User Data\Crashpad\attachments\49304673-fdbb-4480-afea-327a9705847c: The system cannot find the file specified. (0x2)
[1116/135307.338:ERROR:filesystem_win.cc(128)] GetFileAttributes C:\Users\LENOVO\AppData\Local\Google\Chrome\User Data\Crashpad\attachments\453f1950-992e-4661-9046-4c49b80491bd: The system cannot find the file specified. (0x2)
[1116/135307.338:ERROR:filesystem_win.cc(128)] GetFileAttributes C:\Users\LENOVO\AppData\Local\Google\Chrome\User Data\Crashpad\attachments\411dfd1c-151f-46bd-8cae-6626a206c38c: The system cannot find the file specified. (0x2)
[1116/135307.338:ERROR:filesystem_win.cc(128)] GetFileAttributes C:\Users\LENOVO\AppData\Local\Google\Chrome\User Data\Crashpad\attachments\60baa1a0-ff53-4125-b180-5ab707a4b05c: The system cannot find the file specified. (0x2)
[1116/135307.344:ERROR:filesystem_win.cc(128)] GetFileAttributes C:\Users\LENOVO\AppData\Local\Google\Chrome\User Data\Crashpad\attachments\154a0108-62c6-4878-b36b-bb7858a7ce53: The system cannot find the file specified. (0x2)
[1116/135307.344:ERROR:filesystem_win.cc(128)] GetFileAttributes C:\Users\LENOVO\AppData\Local\Google\Chrome\User Data\Crashpad\attachments\e1b12752-7879-49e2-9813-6be8e1e5b03f: The system cannot find the file specified. (0x2)
[1116/135307.344:ERROR:filesystem_win.cc(128)] GetFileAttributes C:\Users\LENOVO\AppData\Local\Google\Chrome\User Data\Crashpad\attachments\0aeae894-ae55-4772-9ace-8db1ebc67349: The system cannot find the file specified. (0x2)
[1116/135307.345:ERROR:filesystem_win.cc(128)] GetFileAttributes C:\Users\LENOVO\AppData\Local\Google\Chrome\User Data\Crashpad\attachments\04ec7481-f218-47f2-975f-5e5db6e59a26: The system cannot find the file specified. (0x2)
[1116/135307.345:ERROR:filesystem_win.cc(128)] GetFileAttributes C:\Users\LENOVO\AppData\Local\Google\Chrome\User Data\Crashpad\attachments\dfa0dd3a-ce77-4a75-a816-9a625edc2a5d: The system cannot find the file specified. (0x2)
[1116/135307.345:ERROR:filesystem_win.cc(128)] GetFileAttributes C:\Users\LENOVO\AppData\Local\Google\Chrome\User Data\Crashpad\attachments\7cf329e9-45e5-4cc5-8bcf-1d6c52d1d327: The system cannot find the file specified. (0x2)
[1116/135307.345:ERROR:filesystem_win.cc(128)] GetFileAttributes C:\Users\LENOVO\AppData\Local\Google\Chrome\User Data\Crashpad\attachments\b2db1284-4684-47ea-8fd2-a2ae70cf39d5: The system cannot find the file specified. (0x2)
[1116/135307.345:ERROR:filesystem_win.cc(128)] GetFileAttributes C:\Users\LENOVO\AppData\Local\Google\Chrome\User Data\Crashpad\attachments\ae9c12c4-c60e-4a3c-8f6f-0c586926ba96: The system cannot find the file specified. (0x2)
[1116/135307.345:ERROR:filesystem_win.cc(128)] GetFileAttributes C:\Users\LENOVO\AppData\Local\Google\Chrome\User Data\Crashpad\attachments\dac756fb-f567-43bc-8a1d-5fcda6c6b1d9: The system cannot find the file specified. (0x2)
[1116/135307.347:ERROR:filesystem_win.cc(128)] GetFileAttributes C:\Users\LENOVO\AppData\Local\Google\Chrome\User Data\Crashpad\attachments\7aedb5be-fd0a-445c-8064-659e32e78f76: The system cannot find the file specified. (0x2)
[1116/135307.347:ERROR:filesystem_win.cc(128)] GetFileAttributes C:\Users\LENOVO\AppData\Local\Google\Chrome\User Data\Crashpad\attachments\3b6c7393-0983-494e-b408-f92df79e6e7b: The system cannot find the file specified. (0x2)
[1116/135307.347:ERROR:filesystem_win.cc(128)] GetFileAttributes C:\Users\LENOVO\AppData\Local\Google\Chrome\User Data\Crashpad\attachments\f83417a2-7c21-4d54-a570-7e14ad4f2bbf: The system cannot find the file specified. (0x2)
[1116/135307.352:ERROR:filesystem_win.cc(128)] GetFileAttributes C:\Users\LENOVO\AppData\Local\Google\Chrome\User Data\Crashpad\attachments\b6e5f06e-cbe5-44fb-8be0-b38f9ffe2b81: The system cannot find the file specified. (0x2)
[1116/135307.355:ERROR:filesystem_win.cc(128)] GetFileAttributes C:\Users\LENOVO\AppData\Local\Google\Chrome\User Data\Crashpad\attachments\49693181-3889-4546-ae50-a78a94c5d5d7: The system cannot find the file specified. (0x2)
[1116/135307.355:ERROR:filesystem_win.cc(128)] GetFileAttributes C:\Users\LENOVO\AppData\Local\Google\Chrome\User Data\Crashpad\attachments\119b07bc-f279-47f4-8e18-3228c96390a3: The system cannot find the file specified. (0x2)
[1116/135307.355:ERROR:filesystem_win.cc(128)] GetFileAttributes C:\Users\LENOVO\AppData\Local\Google\Chrome\User Data\Crashpad\attachments\74d47ef9-279d-4514-b8fb-fadef60013c1: The system cannot find the file specified. (0x2)
[1116/135307.355:ERROR:filesystem_win.cc(128)] GetFileAttributes C:\Users\LENOVO\AppData\Local\Google\Chrome\User Data\Crashpad\attachments\b1581e73-daee-4628-8992-b472f989a23d: The system cannot find the file specified. (0x2)
[1116/135307.355:ERROR:filesystem_win.cc(128)] GetFileAttributes C:\Users\LENOVO\AppData\Local\Google\Chrome\User Data\Crashpad\attachments\27b9384f-2a7e-4569-8423-32593e833cf5: The system cannot find the file specified. (0x2)
[1116/135307.355:ERROR:filesystem_win.cc(128)] GetFileAttributes C:\Users\LENOVO\AppData\Local\Google\Chrome\User Data\Crashpad\attachments\a1384183-9010-47d6-8f94-7c1adfe69c1f: The system cannot find the file specified. (0x2)
[1116/135307.356:ERROR:filesystem_win.cc(128)] GetFileAttributes C:\Users\LENOVO\AppData\Local\Google\Chrome\User Data\Crashpad\attachments\bbd2dd5d-b73a-4b49-9e78-3e83a46c786e: The system cannot find the file specified. (0x2)
[1116/135307.356:ERROR:filesystem_win.cc(128)] GetFileAttributes C:\Users\LENOVO\AppData\Local\Google\Chrome\User Data\Crashpad\attachments\6f634d9b-ca09-44fe-a2f0-8326facfb0e0: The system cannot find the file specified. (0x2)
[1116/135307.356:ERROR:filesystem_win.cc(128)] GetFileAttributes C:\Users\LENOVO\AppData\Local\Google\Chrome\User Data\Crashpad\attachments\f81810a5-e2cc-44de-9f83-533898d1a09c: The system cannot find the file specified. (0x2)
[1116/135307.356:ERROR:filesystem_win.cc(128)] GetFileAttributes C:\Users\LENOVO\AppData\Local\Google\Chrome\User Data\Crashpad\attachments\0d7e098a-6284-46ab-8a9a-7a3e9eaab151: The system cannot find the file specified. (0x2)
[1116/135307.356:ERROR:filesystem_win.cc(128)] GetFileAttributes C:\Users\LENOVO\AppData\Local\Google\Chrome\User Data\Crashpad\attachments\f1481bd6-4c2f-4ca4-a3d7-fec4174c6d88: The system cannot find the file specified. (0x2)
[1116/135307.356:ERROR:filesystem_win.cc(128)] GetFileAttributes C:\Users\LENOVO\AppData\Local\Google\Chrome\User Data\Crashpad\attachments\d6699b78-1b46-496f-b77f-783b44d67efd: The system cannot find the file specified. (0x2)
[1116/135307.357:ERROR:filesystem_win.cc(128)] GetFileAttributes C:\Users\LENOVO\AppData\Local\Google\Chrome\User Data\Crashpad\attachments\9a105864-9c62-48b1-9f45-cb8f1d240897: The system cannot find the file specified. (0x2)
[1116/135307.357:ERROR:filesystem_win.cc(128)] GetFileAttributes C:\Users\LENOVO\AppData\Local\Google\Chrome\User Data\Crashpad\attachments\17941f29-57f5-4b1c-9b18-11826018cec2: The system cannot find the file specified. (0x2)
[1116/135307.362:ERROR:filesystem_win.cc(128)] GetFileAttributes C:\Users\LENOVO\AppData\Local\Google\Chrome\User Data\Crashpad\attachments\8ba3b550-a626-44f8-a275-e87321d6f875: The system cannot find the file specified. (0x2)
[1116/135307.362:ERROR:filesystem_win.cc(128)] GetFileAttributes C:\Users\LENOVO\AppData\Local\Google\Chrome\User Data\Crashpad\attachments\282bfd3f-d010-4f3c-99be-943a3f7de64c: The system cannot find the file specified. (0x2)
[1116/135307.363:ERROR:filesystem_win.cc(128)] GetFileAttributes C:\Users\LENOVO\AppData\Local\Google\Chrome\User Data\Crashpad\attachments\986279d0-8823-4cf3-ab2f-c685b083f72f: The system cannot find the file specified. (0x2)
[1116/135307.363:ERROR:filesystem_win.cc(128)] GetFileAttributes C:\Users\LENOVO\AppData\Local\Google\Chrome\User Data\Crashpad\attachments\4977ae3c-4177-4589-9c8d-de598afa121c: The system cannot find the file specified. (0x2)
[1116/135307.363:ERROR:filesystem_win.cc(128)] GetFileAttributes C:\Users\LENOVO\AppData\Local\Google\Chrome\User Data\Crashpad\attachments\46fd76b4-2483-4333-b869-13ffebba9541: The system cannot find the file specified. (0x2)
[1116/135307.363:ERROR:filesystem_win.cc(128)] GetFileAttributes C:\Users\LENOVO\AppData\Local\Google\Chrome\User Data\Crashpad\attachments\085b5043-879d-4bbc-a267-5858e0c68fb9: The system cannot find the file specified. (0x2)
[1116/135307.363:ERROR:filesystem_win.cc(128)] GetFileAttributes C:\Users\LENOVO\AppData\Local\Google\Chrome\User Data\Crashpad\attachments\aa751f29-ecc2-446f-87da-1a25ecbef45f: The system cannot find the file specified. (0x2)
[1116/135307.363:ERROR:filesystem_win.cc(128)] GetFileAttributes C:\Users\LENOVO\AppData\Local\Google\Chrome\User Data\Crashpad\attachments\a647ea75-dd80-4c1a-9090-bbbbc7fcc792: The system cannot find the file specified. (0x2)
[1116/135307.363:ERROR:filesystem_win.cc(128)] GetFileAttributes C:\Users\LENOVO\AppData\Local\Google\Chrome\User Data\Crashpad\attachments\46fa80e0-dc2b-4fb5-950f-2b0f26c535e5: The system cannot find the file specified. (0x2)
[1116/135307.364:ERROR:filesystem_win.cc(128)] GetFileAttributes C:\Users\LENOVO\AppData\Local\Google\Chrome\User Data\Crashpad\attachments\779ba2b9-8a4e-4269-a142-e8c7609f5546: The system cannot find the file specified. (0x2)
[1116/135307.364:ERROR:filesystem_win.cc(128)] GetFileAttributes C:\Users\LENOVO\AppData\Local\Google\Chrome\User Data\Crashpad\attachments\e1e4561a-09f3-4e7a-80ad-8b89583f08df: The system cannot find the file specified. (0x2)
[1116/135307.364:ERROR:filesystem_win.cc(128)] GetFileAttributes C:\Users\LENOVO\AppData\Local\Google\Chrome\User Data\Crashpad\attachments\ac2b70da-b61b-4111-88b9-cd5af0c69bfc: The system cannot find the file specified. (0x2)
[1116/135307.365:ERROR:filesystem_win.cc(128)] GetFileAttributes C:\Users\LENOVO\AppData\Local\Google\Chrome\User Data\Crashpad\attachments\39c857d0-6299-4831-af8f-345a6af0d0ac: The system cannot find the file specified. (0x2)
[1116/135307.365:ERROR:filesystem_win.cc(128)] GetFileAttributes C:\Users\LENOVO\AppData\Local\Google\Chrome\User Data\Crashpad\attachments\38a829de-84e1-4fba-9a01-b1623ebe2b48: The system cannot find the file specified. (0x2)
[1116/135307.365:ERROR:filesystem_win.cc(128)] GetFileAttributes C:\Users\LENOVO\AppData\Local\Google\Chrome\User Data\Crashpad\attachments\65ea2e6c-466c-4723-a4c3-2cfb6db7a301: The system cannot find the file specified. (0x2)
[1116/135307.365:ERROR:filesystem_win.cc(128)] GetFileAttributes C:\Users\LENOVO\AppData\Local\Google\Chrome\User Data\Crashpad\attachments\fead788c-863a-4970-bfe6-9aabfabdfb49: The system cannot find the file specified. (0x2)
[1116/135307.365:ERROR:filesystem_win.cc(128)] GetFileAttributes C:\Users\LENOVO\AppData\Local\Google\Chrome\User Data\Crashpad\attachments\82fff9ea-ba95-4fe4-adb9-301e55ece177: The system cannot find the file specified. (0x2)
[1116/135307.365:ERROR:filesystem_win.cc(128)] GetFileAttributes C:\Users\LENOVO\AppData\Local\Google\Chrome\User Data\Crashpad\attachments\3f394d6c-a21a-4b56-aa9c-4bf9d8b244ef: The system cannot find the file specified. (0x2)
[1116/135307.366:ERROR:filesystem_win.cc(128)] GetFileAttributes C:\Users\LENOVO\AppData\Local\Google\Chrome\User Data\Crashpad\attachments\2214d0ac-b80a-40bb-a44c-9d47ce2c8ec3: The system cannot find the file specified. (0x2)
[1116/135307.366:ERROR:filesystem_win.cc(128)] GetFileAttributes C:\Users\LENOVO\AppData\Local\Google\Chrome\User Data\Crashpad\attachments\0d681e14-61b9-44f7-b06a-ef608223075a: The system cannot find the file specified. (0x2)
